  main.c
C:\Users\Administrator\Desktop\קורס תוכנה\DataStructures\stack\main.c(121,9): warning C4101: 'num': unreferenced local variable
C:\Users\Administrator\Desktop\קורס תוכנה\DataStructures\stack\main.c(211,27): warning C4244: '=': conversion from 'int' to 'float', possible loss of data
C:\Users\Administrator\Desktop\קורס תוכנה\DataStructures\stack\main.c(214,31): warning C4244: '=': conversion from 'int' to 'float', possible loss of data
C:\Users\Administrator\Desktop\קורס תוכנה\DataStructures\stack\main.c(217,35): warning C4244: '=': conversion from 'int' to 'float', possible loss of data
C:\Users\Administrator\Desktop\קורס תוכנה\DataStructures\stack\main.c(220,39): warning C4244: '=': conversion from 'int' to 'float', possible loss of data
C:\Users\Administrator\Desktop\קורס תוכנה\DataStructures\stack\main.c(223,40): warning C4244: 'function': conversion from 'float' to 'int', possible loss of data
  ADTDDefs.c
  stack.c
C:\Users\Administrator\Desktop\קורס תוכנה\DataStructures\stack\stack.c(29,35): warning C4047: 'return': 'stack_t *' differs in levels of indirection from 'int'
C:\Users\Administrator\Desktop\קורס תוכנה\DataStructures\stack\stack.c(37,35): warning C4047: 'return': 'stack_t *' differs in levels of indirection from 'int'
  vector.c
C:\Users\Administrator\Desktop\קורס תוכנה\DataStructures\stack\vector.c(171,35): warning C4098: 'VectorPrint': 'void' function returning a value
C:\Users\Administrator\Desktop\קורס תוכנה\DataStructures\stack\vector.c(180,12): warning C4477: 'printf' : format string '%d' requires an argument of type 'int', but variadic argument 1 has type 'size_t'
C:\Users\Administrator\Desktop\קורס תוכנה\DataStructures\stack\vector.c(180,12): message : consider using '%zd' in the format string
C:\Users\Administrator\Desktop\קורס תוכנה\DataStructures\stack\vector.c(181,12): warning C4477: 'printf' : format string '%d' requires an argument of type 'int', but variadic argument 1 has type 'size_t'
C:\Users\Administrator\Desktop\קורס תוכנה\DataStructures\stack\vector.c(181,12): message : consider using '%zd' in the format string
C:\Users\Administrator\Desktop\קורס תוכנה\DataStructures\stack\vector.c(183,12): warning C4477: 'printf' : format string '%d' requires an argument of type 'int', but variadic argument 1 has type 'size_t'
C:\Users\Administrator\Desktop\קורס תוכנה\DataStructures\stack\vector.c(183,12): message : consider using '%zd' in the format string
  Generating Code...
  stack.vcxproj -> C:\Users\Administrator\Desktop\קורס תוכנה\DataStructures\x64\Debug\stack.exe
